{"name": "test_update_with_validate_data", "status": "broken", "statusDetails": {"message": "selenium.common.exceptions.TimeoutException: Message: \nStacktrace:\n\tGetHandleVerifier [0x0x7ff79bf63d85+79397]\n\tGetHandleVerifier [0x0x7ff79bf63de0+79488]\n\t(No symbol) [0x0x7ff79bd0c0fa]\n\t(No symbol) [0x0x7ff79bd62fd6]\n\t(No symbol) [0x0x7ff79bd6328c]\n\t(No symbol) [0x0x7ff79bdb6537]\n\t(No symbol) [0x0x7ff79bd8b1df]\n\t(No symbol) [0x0x7ff79bdb3344]\n\t(No symbol) [0x0x7ff79bd8af73]\n\t(No symbol) [0x0x7ff79bd541b1]\n\t(No symbol) [0x0x7ff79bd54f43]\n\tGetHandleVerifier [0x0x7ff79c22e1ed+3005069]\n\tGetHandleVerifier [0x0x7ff79c22831d+2980797]\n\tGetHandleVerifier [0x0x7ff79c247e0d+3110573]\n\tGetHandleVerifier [0x0x7ff79bf7d6de+184190]\n\tGetHandleVerifier [0x0x7ff79bf8516f+215567]\n\tGetHandleVerifier [0x0x7ff79bf6c974+115220]\n\tGetHandleVerifier [0x0x7ff79bf6cb29+115657]\n\tGetHandleVerifier [0x0x7ff79bf53268+11016]\n\tBaseThreadInitThunk [0x0x7ffb09a0e8d7+23]\n\tRtlUserThreadStart [0x0x7ffb0bc7c34c+44]", "trace": "self = <test_profile_module.TestProfileModule object at 0x000001FA305E6B70>\n\n    def test_update_with_validate_data(self):#tesstcase 15\n        logiin_obj = LoginModule(self.driver)\n        logiin_obj.load(Config.BASE_URL)\n        logiin_obj.login(\"tanukuneeraja@gmail.com\",\"Neeraja@12345\")\n        profile_obj = ProfileModule(self.driver)\n>       profile_obj.goto_profile_editor(\"Mrs\",\"Neeraja\",'Tanuku','6304584832','1947','December','11','5','Teacher','Peravali Road','Tanuku',\"India\",'534211')\n\ntests\\test_profile_module.py:14: \n_ _ _ _ _ _ _ _ _ _ _ _ _ _ _ _ _ _ _ _ _ _ _ _ _ _ _ _ _ _ _ _ _ _ _ _ _ _ _ _ _ _ _ _ _ _ _ _ _ _ _ _ _ _ _ _ _ _ _ _ _ _ _ _ _ _ _ _ _ _ _ _ _ _ _ _ _ _ _ _ _ _ _ _ _ _ _ _ _\npages\\profile_module.py:25: in goto_profile_editor\n    self.click_operation(self.PROFILE_EDIT_LOCATOR)\npages\\base_page.py:27: in click_operation\n    element = self.wait.until(EC.element_to_be_clickable(locator))\n              ^^^^^^^^^^^^^^^^^^^^^^^^^^^^^^^^^^^^^^^^^^^^^^^^^^^^\n_ _ _ _ _ _ _ _ _ _ _ _ _ _ _ _ _ _ _ _ _ _ _ _ _ _ _ _ _ _ _ _ _ _ _ _ _ _ _ _ _ _ _ _ _ _ _ _ _ _ _ _ _ _ _ _ _ _ _ _ _ _ _ _ _ _ _ _ _ _ _ _ _ _ _ _ _ _ _ _ _ _ _ _ _ _ _ _ _\n\nself = <selenium.webdriver.support.wait.WebDriverWait (session=\"6dbf53d44f6749e6e95904b78d11702d\")>\nmethod = <function element_to_be_clickable.<locals>._predicate at 0x000001FA30648680>, message = ''\n\n    def until(self, method: Callable[[D], Union[Literal[False], T]], message: str = \"\") -> T:\n        \"\"\"Wait until the method returns a value that is not False.\n    \n        Calls the method provided with the driver as an argument until the\n        return value does not evaluate to ``False``.\n    \n        Parameters:\n        -----------\n        method: callable(WebDriver)\n            - A callable object that takes a WebDriver instance as an argument.\n    \n        message: str\n            - Optional message for :exc:`TimeoutException`\n    \n        Return:\n        -------\n        object: T\n            - The result of the last call to `method`\n    \n        Raises:\n        -------\n        TimeoutException\n            - If 'method' does not return a truthy value within the WebDriverWait\n            object's timeout\n    \n        Example:\n        --------\n        >>> from selenium.webdriver.common.by import By\n        >>> from selenium.webdriver.support.ui import WebDriverWait\n        >>> from selenium.webdriver.support import expected_conditions as EC\n    \n        # Wait until an element is visible on the page\n        >>> wait = WebDriverWait(driver, 10)\n        >>> element = wait.until(EC.visibility_of_element_located((By.ID, \"exampleId\")))\n        >>> print(element.text)\n        \"\"\"\n        screen = None\n        stacktrace = None\n    \n        end_time = time.monotonic() + self._timeout\n        while True:\n            try:\n                value = method(self._driver)\n                if value:\n                    return value\n            except self._ignored_exceptions as exc:\n                screen = getattr(exc, \"screen\", None)\n                stacktrace = getattr(exc, \"stacktrace\", None)\n            if time.monotonic() > end_time:\n                break\n            time.sleep(self._poll)\n>       raise TimeoutException(message, screen, stacktrace)\nE       selenium.common.exceptions.TimeoutException: Message: \nE       Stacktrace:\nE       \tGetHandleVerifier [0x0x7ff79bf63d85+79397]\nE       \tGetHandleVerifier [0x0x7ff79bf63de0+79488]\nE       \t(No symbol) [0x0x7ff79bd0c0fa]\nE       \t(No symbol) [0x0x7ff79bd62fd6]\nE       \t(No symbol) [0x0x7ff79bd6328c]\nE       \t(No symbol) [0x0x7ff79bdb6537]\nE       \t(No symbol) [0x0x7ff79bd8b1df]\nE       \t(No symbol) [0x0x7ff79bdb3344]\nE       \t(No symbol) [0x0x7ff79bd8af73]\nE       \t(No symbol) [0x0x7ff79bd541b1]\nE       \t(No symbol) [0x0x7ff79bd54f43]\nE       \tGetHandleVerifier [0x0x7ff79c22e1ed+3005069]\nE       \tGetHandleVerifier [0x0x7ff79c22831d+2980797]\nE       \tGetHandleVerifier [0x0x7ff79c247e0d+3110573]\nE       \tGetHandleVerifier [0x0x7ff79bf7d6de+184190]\nE       \tGetHandleVerifier [0x0x7ff79bf8516f+215567]\nE       \tGetHandleVerifier [0x0x7ff79bf6c974+115220]\nE       \tGetHandleVerifier [0x0x7ff79bf6cb29+115657]\nE       \tGetHandleVerifier [0x0x7ff79bf53268+11016]\nE       \tBaseThreadInitThunk [0x0x7ffb09a0e8d7+23]\nE       \tRtlUserThreadStart [0x0x7ffb0bc7c34c+44]\n\nC:\\Users\\TANUK\\AppData\\Local\\Programs\\Python\\Python312\\Lib\\site-packages\\selenium\\webdriver\\support\\wait.py:138: TimeoutException"}, "start": 1756876316070, "stop": 1756876339744, "uuid": "d7e9a8da-a7ef-4248-95b5-a1ff8aaa417f", "historyId": "311d724e4acacacc9b97b2d24724615f", "testCaseId": "311d724e4acacacc9b97b2d24724615f", "fullName": "tests.test_profile_module.TestProfileModule#test_update_with_validate_data", "labels": [{"name": "parentSuite", "value": "tests"}, {"name": "suite", "value": "test_profile_module"}, {"name": "subSuite", "value": "TestProfileModule"}, {"name": "host", "value": "NEERAJA"}, {"name": "thread", "value": "18844-MainThread"}, {"name": "framework", "value": "pytest"}, {"name": "language", "value": "cpython3"}, {"name": "package", "value": "tests.test_profile_module"}], "titlePath": ["tests", "test_profile_module.py", "TestProfileModule"]}